<?xml version="1.0" encoding="UTF-8"?>
<testng-results total="1" passed="1" failed="0" skipped="0">
  <reporter-output>
  </reporter-output>
  <suite started-at="2018-02-25T23:17:31Z" name="Default suite" finished-at="2018-02-25T23:17:31Z" duration-ms="551">
    <groups>
      <group name="cucumber">
        <method signature="AbstractTestNGCucumberTests.run_cukes()[pri:0, instance:runner_cukes.TestRunner@757277dc]" name="run_cukes" class="cucumber.api.testng.AbstractTestNGCucumberTests"/>
      </group> <!-- cucumber -->
    </groups>
    <test started-at="2018-02-25T23:17:31Z" name="Default test" finished-at="2018-02-25T23:17:31Z" duration-ms="551">
      <class name="runner_cukes.TestRunner">
        <test-method signature="run_cukes()[pri:0, instance:runner_cukes.TestRunner@757277dc]" started-at="2018-02-25T18:17:31Z" name="run_cukes" description="Runs Cucumber Features" finished-at="2018-02-25T18:17:31Z" duration-ms="536" status="PASS">
          <reporter-output>
          </reporter-output>
        </test-method> <!-- run_cukes -->
      </class> <!-- runner_cukes.TestRunner -->
    </test> <!-- Default test -->
  </suite> <!-- Default suite -->
</testng-results>
